STA       957211859  9  6 c   kf    -     -         3979   20    0 
STA       957211923  9  5 cc  kc    kf    -         3959   60    0 
STA       957211958  9  4 cc  kc    kf    -         3899   60    0 
STA       957211991  9  3 f   -     -     -         3839    0    0 
STA       957212023  9  2 Bk  k     f     -         3839   20    0 
STA       957212090  7  1 Bf  -     -     -         3819   10    0 
STA       957212115  7  7 f   -     -     -         3809    0    0 
STA       957212139  7  6 f   -     -     -         3809    0    0 
STA       957212162  7  5 c   kf    -     -         3809   20    0 
STA       957212231  8  4 cc  kf    -     -         3789   40    0 
STA       957212262  8  3 f   -     -     -         3749    0    0 
STA       957212283  9  2 Bk  kf    -     -         3749   20    0 
STA       957212351  9  1 Bc  kf    -     -         3729   20    0 
STA       957212390  9  9 c   k     f     -         3709   40    0 
STA       957212436  9  8 c   f     -     -         3669   40    0 
STA       957212496  9  7 f   -     -     -         3629    0    0 
STA       957212529 10  6 f   -     -     -         3629    0    0 
STA       957212617  9  5 c   f     -     -         3629   20    0 
STA       957212660  9  4 f   -     -     -         3609    0    0 
STA       957212707 10  3 c   k     k     k         3609   20    0 Jh 6h
STA       957212763 10  2 Bc  kc    kf    -         3589   60    0 
STA       957212807 10  1 Bc  bc    kf    -         3529   60    0 
STA       957212904 10 10 c   f     -     -         3469   20    0 
STA       957212924 10  9 r   c     f     -         3449   60    0 
STA       957212957 10  8 f   -     -     -         3389    0    0 
STA       957213017 10  7 c   f     -     -         3389   20    0 
STA       957213089 10  6 f   -     -     -         3369    0    0 
STA       957213134 10  5 f   -     -     -         3369    0    0 
STA       957213199 10  5 cc  kc    kc    bc        3369  180  280 Kd 7d
STA       957213275  9  3 f   -     -     -         3469    0    0 
STA       957213329  9  2 Br  b     -     -         3469   80  150 
STA       957213359  8  1 Bc  kf    -     -         3539   40    0 
STA       957213380  8  8 c   f     -     -         3499   20    0 
STA       957213424  9  8 f   -     -     -         3479    0    0 
STA       957213468  9  7 c   cf    -     -         3479   60    0 
STA       957213517 10  6 f   -     -     -         3419    0    0 
STA       957213595 10  5 f   -     -     -         3419    0    0 
STA       957213677  9  3 f   -     -     -         3419    0    0 
STA       957213718 10  2 Br  kc    kf    -         3419   60    0 
STA       957213792 10  1 Br  kc    kc    kc        3359  160  250 Qd Kc
STA       957213843 10 10 f   -     -     -         3449    0    0 
STA       957213891 10  9 cc  bc    k     k         3449   80    0 9d 8c
STA       957213931  9  8 f   -     -     -         3369    0    0 
STA       957214016 10  7 f   -     -     -         3369    0    0 
STA       957214061 10  6 cc  kf    -     -         3369   40    0 
STA       957214099  9  5 f   -     -     -         3329    0    0 
STA       957214166  8  4 cc  kc    b     kc        3329  160    0 2h Ah
STA       957214212  9  3 f   -     Q     -         3169    0    0 
STA       957231970  5  5 r   c     c     c         3484  140    0 9h 9s
STA       957232000  5  4 f   -     -     -         3344    0    0 
STA       957232013  5  3 c   b     k     k         3344   40  120 4c 2c
STA       957232045  5  2 Bc  bc    b     b         3424  160  360 5c Ah
STA       957232075  5  1 Bc  k     kf    -         3624   20    0 
STA       957232105  7  7 f   -     -     -         3604    0    0 
STA       957232163  7  6 cc  kf    -     -         3604   40    0 
STA       957232214  8  6 c   c     c     f         3564   80    0 
STA       957232273  8  5 f   -     -     -         3484    0    0 
STA       957232327 10  6 c   kf    -     -         3484   20    0 
STA       957232395 10  5 cc  kc    kc    krc       3464  260    0 Tc 9s
STA       957232473  9  3 f   -     -     -         3204    0    0 
STA       957232518  9  3 c   c     c     c         3204  120  260 As 5c
STA       957232553  8  2 Bc  kc    kf    -         3344   60    0 
STA       957232593  8  1 Bc  k     kf    -         3284   40    0 
STA       957232638  8  8 c   f     -     -         3244   20    0 
STA       957232666  8  7 c   b     k     f         3224   40    0 
STA       957232707  8  6 f   -     -     -         3184    0    0 
STA       957232743  8  5 cc  kc    kc    kf        3184  100    0 
STA       957232785  8  4 f   -     -     -         3084    0    0 
STA       957232822  8  3 c   bc    kf    -         3084   60    0 
STA       957232870  8  2 Bk  bc    kc    Q         3024  100    0 
STA       957304595  9  3 c   kc    kf    -         2319   40    0 
STA       957304662 10  2 Bk  b     k     k         2279   40  160 7d 7s
STA       957304739 10  1 Bf  -     -     -         2399   10    0 
STA       957304787 10 10 f   -     -     -         2389    0    0 
STA       957304859 10  9 c   b     b     k         2389   80  220 5c 5h
STA       957304918 10  8 f   -     -     -         2529    0    0 
STA       957304976 10  7 c   k     k     k         2529   20    0 Kc 5c
STA       957305012 10  6 f   -     -     -         2509    0    0 
STA       957305050 10  5 cc  kf    -     -         2509   40    0 
STA       957305103 10  4 f   -     -     -         2469    0    0 
STA       957305154 10  3 c   k     k     k         2469   20   55 Ad 2c
STA       957305227 10  2 Bf  -     -     -         2504   20    0 
STA       957305321 10  1 Bf  -     -     -         2484   10    0 
STA       957305450 10 10 c   k     f     -         2474   20    0 
STA       957305502 10  9 f   -     -     -         2454    0    0 
STA       957305566 10  8 c   k     f     -         2454   20    0 
STA       957305623 10  7 f   -     -     -         2434    0    0 
STA       957305695  8  5 r   b     b     kc        2434  140    0 Jd Ks
STA       957305734  9  5 f   -     -     -         2294    0    0 
STA       957305784  9  4 c   cc    f     -         2294   80    0 
STA       957305860  9  3 f   -     -     -         2214    0    0 
STA       957305925  9  2 Bk  b     k     b         2214   80  200 
STA       957305975  9  1 Bf  -     -     -         2334   10    0 
STA       957306022  9  9 c   f     -     -         2324   40    0 
STA       957306050  9  8 c   b     -     -         2284   40   90 
STA       957306075  9  7 c   b     k     k         2334   40    0 6c As
STA       957306121  7  4 f   -     -     -         2294    0    0 
STA       957306163  7  3 f   -     -     -         2294    0    0 
STA       957306220  7  2 Bf  -     -     -         2294   20    0 
STA       957306254  7  1 Bf  -     -     -         2274   10    0 
STA       957306283  7  7 f   -     -     -         2264    0    0 
STA       957306331  7  6 r   b     kf    -         2264   60    0 
STA       957306398  7  5 c   f     -     -         2204   20    0 
STA       957306457  6  3 f   -     -     -         2184    0    0 
STA       957306509  6  2 Bk  kf    -     -         2184   20    0 
STA       957306562  6  1 Bc  kf    -     -         2164   20    0 
STA       957306594  6  6 c   k     f     -         2144   20    0 
STA       957306650  6  5 c   k     f     -         2124   20    0 
STA       957306687  6  4 f   -     -     -         2104    0    0 
STA       957306715  6  3 f   -     -     -         2104    0    0 
STA       957306759  7  3 f   -     -     -         2104    0    0 
STA       957306830  7  2 Bc  b     -     -         2104   60  180 
STA       957306879  7  1 Bf  -     -     -         2224   10    0 
STA       957306944  7  7 c   rc    c     k         2214  160    0 8s Ah
STA       957306988  6  5 c   kf    -     -         2054   20    0 
STA       957307024  6  4 f   -     -     -         2034    0    0 
STA       957307037  6  3 c   f     -     -         2034   20    0 
STA       957307094  7  2 Bc  c     b     k         2014  120  480 Qd 9c
STA       957307132  7  1 Bf  -     -     -         2374   10    0 
STA       957307166  7  7 c   c     f     -         2364   60    0 
STA       957307223  7  6 f   -     -     -         2304    0    0 
STA       957307239  7  5 f   -     -     -         2304    0    0 
STA       957307267  7  4 rc  b     b     k         2304  120  430 Qs Qc
STA       957307320  6  3 f   -     -     -         2614    0    0 
STA       957307350  6  2 Bf  -     -     -         2614   20    0 
STA       957307381  6  1 Bc  k     k     k         2594   20   80 Jd Ts
STA       957307437  5  5 c   c     k     r         2654  160    0 Ks 8s
STA       957307484  5  4 f   -     -     -         2494    0    0 
STA       957307534  5  3 c   k     k     f         2494   20    0 
STA       957307571  5  2 Bk  f     -     -         2474   20    0 
STA       957307623  5  1 Bc  b     -     -         2454   40   60 
STA       957307659  5  5 f   -     -     -         2474    0    0 
STA       957307674  5  4 c   c     c     c         2474  140  480 8s Tc
STA       957307720  6  3 f   -     -     -         2814    0    0 
STA       957307765  6  2 Bf  -     -     -         2814   20    0 
STA       957307800  6  1 Bc  k     kc    kf        2794   80    0 
STA       957307844  7  7 r   r     b     c         2714  180  340 Qd Ad
STA       957307904  7  6 c   c     b     -         2874  120   60 6d 3d
STA       957307940  7  5 r   bf    -     -         2814   80    0 
STA       957308009  7  4 cc  f     -     -         2734   40    0 
STA       957308060  7  3 c   kf    -     -         2694   20    0 
STA       957308108  7  2 B   -     -     -         2674   20   30 
STA       957308124  7  1 Bc  kf    -     -         2684   20    0 
STA       957308161  7  7 c   f     -     -         2664   20    0 
STA       957308187  7  6 f   -     -     -         2644    0    0 
STA       957308233  7  5 c   f     -     -         2644   20    0 
STA       957308275  7  4 r   c     f     -         2624   60    0 
STA       957308311  7  3 f   -     -     -         2564    0    0 
STA       957308353  7  2 Bk  f     -     -         2564   20    0 
STA       957308384  6  1 Bc  bc    kf    -         2544   60    0 
STA       957308410  6  6 c   r     b     k         2484  100  300 Jh Qs
STA       957308453  6  5 r   b     kc    k         2684  120    0 Kh Ks
STA       957308489  6  4 f   -     -     -         2564    0    0 
STA       957308538  6  3 c   kc    k     k         2564   40   65 8c Tc
STA       957308590  6  2 Bk  b     k     k         2589   40    0 3c Jc
STA       957308622  6  1 Br  b     kc    k         2549  100    0 Ks Kd
STA       957308648  7  7 r   c     b     k         2449  120    0 Ad Tc
STA       957308680  7  6 f   -     -     -         2329    0    0 
STA       957308708  7  5 c   k     c     k         2329   60    0 4d 5s
STA       957308746  7  4 f   -     -     -         2269    0    0 
STA       957308783  7  3 f   -     -     -         2269    0    0 
STA       957308813  7  2 Bk  kf    -     -         2269   20    0 
STA       957308848  7  1 Bc  bc    k     kc        2249  100    0 8c Qh
STA       957308873  7  7 rc  f     -     -         2149   60    0 
STA       957308913  7  6 c   bc    f     -         2089   60    0 
STA       957308948  7  5 c   f     -     -         2029   40    0 
STA       957308991  7  4 c   c     c     k         1989  100    0 7d 5d
STA       957309030  7  3 c   k     k     b         1889   60  100 
STA       957309081  8  3 c   k     kc    k         1929   60    0 Tc Jd
STA       957309131  8  2 Bk  kf    -     -         1869   20    0 
STA       957309201  9  1 Bc  kf    -     -         1849   20    0 
STA       957309231  9  9 f   -     -     -         1829    0    0 
STA       957309258  9  8 c   f     -     -         1829   40    0 
STA       957309298  9  7 f   -     -     -         1789    0    0 
STA       957309348  9  6 c   k     kf    -         1789   20    0 
STA       957309396 10  5 f   -     -     -         1769    0    0 
STA       957309430 10  4 f   -     -     -         1769    0    0 
STA       957309475 10  3 c   kf    -     -         1769   20    0 
STA       957309525 10  2 Bk  kf    -     -         1749   20    0 
STA       957309597 10  1 Bf  -     -     -         1729   10    0 
STA       957309626  9  9 f   -     -     -         1719    0    0 
STA       957309648  9  9 f   -     -     -         1719    0    0 
STA       957309673  9  8 f   -     -     -         1719    0    0 
STA       957309704  8  6 f   -     -     -         1719    0    0 
STA       957309718  8  5 f   -     -     -         1719    0    0 
STA       957309747  8  4 f   -     -     -         1719    0    0 
STA       957309784  8  3 f   -     -     -         1719    0    0 
STA       957309820  7  2 Bk  kf    -     -         1719   20    0 
STA       957309835  7  1 Bf  -     -     -         1699   10    0 
STA       957309853  9  8 f   -     -     -         1689    0    0 
STA       957309920 10  7 f   -     -     -         1689    0    0 
STA       957309969 10  6 f   -     -     -         1689    0    0 
STA       957310011 10  5 c   b     b     k         1689   80  220 2c 2h
STA       957310055 10  4 f   -     -     -         1829    0    0 
STA       957310124 10  3 f   -     -     -         1829    0    0 
STA       957310158 10  2 Bc  kc    kf    -         1829   60    0 
STA       957310228 10  1 Br  b     b     b         1769  140  380 Jh Kh
STA       957310293 10 10 c   c     f     -         2009   60    0 
STA       957310355 10  9 c   c     r     k         1949  140  400 Ad Tc
STA       957310400 10  8 c   f     -     -         2209   20    0 
STA       957310466 10  7 f   -     -     -         2189    0    0 
STA       957310529 10  6 c   bc    kf    -         2189   60    0 
STA       957310572  9  4 f   -     -     -         2129    0    0 
STA       957310593 10  4 f   -     -     -         2129    0    0 
STA       957310651 10  3 f   -     -     -         2129    0    0 
STA       957310739 10  2 Bf  -     -     -         2129   20    0 
STA       957310830 10  1 Bc  bc    kc    k         2109  100    0 Qc Ts
STA       957310892 10 10 r   b     c     c         2009  140    0 Kc Qd
STA       957310965 10  9 f   -     -     -         1869    0    0 
STA       957311017 10  8 f   -     -     -         1869    0    0 
STA       957311124 10  7 cc  k     kc    kf        1869  160    0 
STA       957311234 10  6 f   -     -     -         1709    0    0 
STA       957311308 10  5 c   b     -     -         1709   40   70 
STA       957311337 10  4 cc  bf    -     -         1739   60    0 
STA       957311382 10  3 f   -     -     -         1679    0    0 
STA       957311459 10  2 Bc  kf    -     -         1679   40    0 
STA       957311555 10  1 Bc  kf    -     -         1639   20    0 
STA       957311600 10 10 cc  c     f     -         1619   60    0 
STA       957311647 10  9 r   b     b     -         1559  100  300 
STA       957311711 10  9 f   -     -     -         1759    0    0 
STA       957311784  9  7 f   -     -     -         1759    0    0 
STA       957311836 10  6 f   -     -     -         1759    0    0 
STA       957311897 10  5 f   -     -     -         1759    0    0 
STA       957311943 10  4 rc  ccc   cc    cc        1759  320    0 Js Qs
STA       957312017 10  3 c   k     bc    c         1439  140  310 Qd 9h
STA       957312079 10  2 Bc  kf    -     -         1609   40    0 
STA       957312107 10  1 Bc  b     -     -         1569   40   60 
STA       957312126 10 10 c   c     r     -         1589  140  310 
STA       957312171 10  9 c   b     b     b         1759  120    0 6h 9s
STA       957312222 10  8 c   r     c     c         1639  160  390 9s Td
STA       957312259 10  7 cc  f     -     -         1869   40    0 
STA       957312307 10  6 rc  c     c     c         1829  160    0 8h 8s
STA       957312355 10  5 c   b     -     -         1669   40   90 
STA       957312398 10  4 f   -     -     -         1719    0    0 
STA       957312434 10  3 c   k     kf    -         1719   20    0 
STA       957312477  9  2 Bk  b     kc    kc        1699  120    0 6h Qs
STA       957312510  9  1 Bf  -     -     -         1579   10    0 
STA       957312547 10 10 c   f     -     -         1569   40    0 
STA       957312574 10  9 f   -     -     -         1529    0    0 
STA       957312617  9  8 c   b     k     f         1529   40    0 
STA       957312691  9  7 f   -     -     -         1489    0    0 
STA       957312762  9  3 Q   -     -     -         1489    0    0 
