STA       957228978  7  5 cc  f     -     -         3169   20    0 
STA       957229004  8  4 f   -     -     -         3149    0    0 
STA       957229033  8  3 cc  c     c     f         3149   50    0 
STA       957229081  8  2 Bk  b     kf    -         3099   20    0 
STA       957229114  7  1 Br  b     k     bc        3079   70    0 Jh Kh
STA       957229166  8  7 f   -     -     -         3009    0    0 
STA       957229204  8  6 cc  c     f     -         3009   30    0 
STA       957229257  8  5 r   b     -     -         2979   30   55 
STA       957229276  8  4 f   -     -     -         3004    0    0 
STA       957229323  8  3 c   b     k     b         3004   40   90 6h Kh
STA       957229394  8  2 Bc  f     -     -         3054   20    0 
STA       957229440  8  1 Br  b     k     k         3034   30    0 Kc Ad
STA       957229501  8  8 c   b     b     b         3004   60  140 
STA       957229569  8  7 f   -     -     -         3084    0    0 
STA       957229606  8  6 f   -     -     -         3084    0    0 
STA       957229675  8  5 f   -     -     -         3084    0    0 
STA       957229763  7  3 c   c     f     -         3084   20    0 
STA       957229794  7  2 f   -     -     -         3064    0    0 
STA       957229848  7  2 Bk  r     b     -         3064   50   90 
STA       957229891  7  1 Bf  -     -     -         3104    5    0 
STA       957229945  7  7 f   -     -     -         3099    0    0 
STA       957230070  8  7 c   c     c     c         3099   70    0 Kd Kh
STA       957230119  8  6 f   -     -     -         3029    0    0 
STA       957230161  9  6 c   kf    -     -         3029   10    0 
STA       957230221  8  4 r   b     b     k         3019   50  150 Ah Jd
STA       957230276  9  4 f   -     -     -         3119    0    0 
STA       957230330 10  4 f   -     -     -         3119    0    0 
STA       957230383 10  3 c   k     kf    -         3119   10    0 
STA       957230548  8  2 Bk  k     k     f         3109   10    0 
STA       957230595  8  1 Bf  -     -     -         3099    5    0 
STA       957230627  9  8 c   f     -     -         3094   20    0 
STA       957230694  9  7 c   k     br    b         3074   90  265 2s 2h
STA       957230758  9  6 c   f     -     -         3249   10    0 
STA       957230804 10  6 c   f     -     -         3239   10    0 
STA       957230871  9  4 f   -     -     -         3229    0    0 
STA       957230941  9  3 c   b     k     b         3229   40  110 Qs 9d
STA       957231024 10  2 Bk  k     k     kf        3299   10    0 
STA       957231149 10  1 Bc  kf    -     -         3289   20    0 
STA       957231253 10 10 f   -     -     -         3269    0    0 
STA       957231311 10  9 f   -     -     -         3269    0    0 
STA       957231371 10  8 c   f     -     -         3269   20    0 
STA       957231437 10  7 cc  f     -     -         3249   30    0 
STA       957231539 10  6 rc  bc    k     kc        3219   70  360 Jd Ah
STA       957231671  8  3 f   -     -     -         3509    0    0 
STA       957231720  9  3 f   -     -     -         3509    0    0 
STA       957231803  8  2 Bc  kf    -     -         3509   20    0 
STA       957231891  6  1 Bf  -     -     -         3489    5    0 
STA       957231940  5  4 Q   -     -     -         3484    0    0 
STA       957913647  7  7 f   -     -     -         1939    0    0 
STA       957913671  7  6 f   -     -     -         1939    0    0 
STA       957913705  8  5 cc  c     b     b         1939   70  240 9h 8h
STA       957913799  9  4 f   -     -     -         2109    0    0 
STA       957913858  8  3 f   -     -     -         2109    0    0 
STA       957913914  8  2 Bk  kf    -     -         2109   10    0 
STA       957913955  8  1 Br  b     kccc  kf        2099  110    0 
STA       957914034  8  8 c   f     -     -         1989   10    0 
STA       957914063  7  6 f   -     -     -         1979    0    0 
STA       957914075  7  5 c   r     b     b         1979   70  250 7c 4c
STA       957914141  8  5 f   -     -     -         2159    0    0 
STA       957914232  8  4 c   k     k     f         2159   10    0 
STA       957914284  9  3 c   k     kf    -         2149   10    0 
STA       957914346  8  2 Brc kc    kf    -         2139   40    0 
STA       957914383  8  1 Bc  kc    kf    Q         2099   20    0 
STA       958415943  4  2 Bc  f     -     -         2079   20    0 
STA       958415972  4  1 Bf  -     -     -         2059    5    0 
STA       958415976  3  3 r   b     k     c         2054   50    0 Qd Ah
STA       958416022  3  2 BQ  -     -     -         2004   10    0 
STA       958589429  8  2 Bc  kf    -     -         1994   20    0 
STA       958589527  9  1 Bc  k     kf    -         1974   10    0 
STA       958589580  7  7 f   -     -     -         1964    0    0 
STA       958589595  8  7 f   -     -     -         1964    0    0 
STA       958589644  8  6 f   -     -     -         1964    0    0 
STA       958589687  8  5 r   b     c     c         1964   70  210 Qh Qd
STA       958589730  8  4 c   f     -     -         2104   10    0 
STA       958589769  8  3 f   -     -     -         2094    0    0 
STA       958589826  8  2 Bk  b     k     b         2094   40  130 Ah 9h
STA       958589870  8  1 Bc  b     b     b         2184   60  110 
STA       958589905  8  8 c   f     -     -         2234   10    0 
STA       958589941  8  7 f   -     -     -         2224    0    0 
STA       958589982  8  6 f   -     -     -         2224    0    0 
STA       958590018  7  4 c   f     -     -         2224   10    0 
STA       958590040  7  3 f   -     -     -         2214    0    0 
STA       958590059  7  2 Bk  k     k     kf        2214   10    0 
STA       958590096  7  1 Bc  kf    -     -         2204   10    0 
STA       958590119  7  7 r   b     -     -         2194   30   65 
STA       958590136  7  6 c   c     c     r         2229   80  215 Ac 4h
STA       958590181  7  5 r   f     -     -         2364   20    0 
STA       958590204  7  4 f   -     -     -         2344    0    0 
STA       958590272  8  4 f   -     -     -         2344    0    0 
STA       958590327  8  3 Q   -     -     -         2344    0    0 
